<?xml version="1.0" encoding="UTF-8"?>
<testng-results ignored="0" total="1" passed="1" failed="0" skipped="0">
  <reporter-output>
  </reporter-output>
  <suite started-at="2022-09-17T11:27:59 IST" name="Default suite" finished-at="2022-09-17T11:27:59 IST" duration-ms="59">
    <groups>
    </groups>
    <test started-at="2022-09-17T11:27:59 IST" name="Default test" finished-at="2022-09-17T11:27:59 IST" duration-ms="59">
      <class name="testNG_Tests.testNG_Annotations">
        <test-method is-config="true" signature="beforeSuite()[pri:0, instance:testNG_Tests.testNG_Annotations@54bff557]" started-at="2022-09-17T11:27:59 IST" name="beforeSuite" finished-at="2022-09-17T11:27:59 IST" duration-ms="11" status="PASS">
          <reporter-output>
          </reporter-output>
        </test-method> <!-- beforeSuite -->
        <test-method is-config="true" signature="beforeClass()[pri:0, instance:testNG_Tests.testNG_Annotations@54bff557]" started-at="2022-09-17T11:27:59 IST" name="beforeClass" finished-at="2022-09-17T11:27:59 IST" duration-ms="1" status="PASS">
          <reporter-output>
          </reporter-output>
        </test-method> <!-- beforeClass -->
        <test-method is-config="true" signature="beforeMethod()[pri:0, instance:testNG_Tests.testNG_Annotations@54bff557]" started-at="2022-09-17T11:27:59 IST" name="beforeMethod" finished-at="2022-09-17T11:27:59 IST" duration-ms="0" status="PASS">
          <reporter-output>
          </reporter-output>
        </test-method> <!-- beforeMethod -->
        <test-method signature="myTest()[pri:0, instance:testNG_Tests.testNG_Annotations@54bff557]" started-at="2022-09-17T11:27:59 IST" name="myTest" finished-at="2022-09-17T11:27:59 IST" duration-ms="7" status="PASS">
          <reporter-output>
          </reporter-output>
        </test-method> <!-- myTest -->
        <test-method is-config="true" signature="AfterMethod()[pri:0, instance:testNG_Tests.testNG_Annotations@54bff557]" started-at="2022-09-17T11:27:59 IST" name="AfterMethod" finished-at="2022-09-17T11:27:59 IST" duration-ms="1" status="PASS">
          <reporter-output>
          </reporter-output>
        </test-method> <!-- AfterMethod -->
        <test-method is-config="true" signature="AfterClass()[pri:0, instance:testNG_Tests.testNG_Annotations@54bff557]" started-at="2022-09-17T11:27:59 IST" name="AfterClass" finished-at="2022-09-17T11:27:59 IST" duration-ms="0" status="PASS">
          <reporter-output>
          </reporter-output>
        </test-method> <!-- AfterClass -->
        <test-method is-config="true" signature="AfterSuite()[pri:0, instance:testNG_Tests.testNG_Annotations@54bff557]" started-at="2022-09-17T11:27:59 IST" name="AfterSuite" finished-at="2022-09-17T11:27:59 IST" duration-ms="0" status="PASS">
          <reporter-output>
          </reporter-output>
        </test-method> <!-- AfterSuite -->
      </class> <!-- testNG_Tests.testNG_Annotations -->
    </test> <!-- Default test -->
  </suite> <!-- Default suite -->
</testng-results>
